2024-11-29T12:28:50.919+05:30  INFO 7652 --- [SB_Logging_App] [restartedMain] i.V.S.SbLoggingAppApplication            : Starting SbLoggingAppApplication using Java 17.0.8 with PID 7652 (F:\AshokIT\Logging_practice_appn\SB_Logging_App\target\classes started by veeresh pattar in F:\AshokIT\Logging_practice_appn\SB_Logging_App)
2024-11-29T12:28:50.924+05:30  INFO 7652 --- [SB_Logging_App] [restartedMain] i.V.S.SbLoggingAppApplication            : No active profile set, falling back to 1 default profile: "default"
2024-11-29T12:28:52.381+05:30  INFO 7652 --- [SB_Logging_App] [restartedMain] o.s.b.w.embedded.tomcat.TomcatWebServer  : Tomcat initialized with port 8080 (http)
2024-11-29T12:28:52.428+05:30  INFO 7652 --- [SB_Logging_App] [restartedMain] o.apache.catalina.core.StandardService   : Starting service [Tomcat]
2024-11-29T12:28:52.451+05:30  INFO 7652 --- [SB_Logging_App] [restartedMain] o.apache.catalina.core.StandardEngine    : Starting Servlet engine: [Apache Tomcat/10.1.33]
2024-11-29T12:28:52.682+05:30  INFO 7652 --- [SB_Logging_App] [restartedMain] o.a.c.c.C.[Tomcat].[localhost].[/]       : Initializing Spring embedded WebApplicationContext
2024-11-29T12:28:52.684+05:30  INFO 7652 --- [SB_Logging_App] [restartedMain] w.s.c.ServletWebServerApplicationContext : Root WebApplicationContext: initialization completed in 1743 ms
2024-11-29T12:28:54.097+05:30  INFO 7652 --- [SB_Logging_App] [restartedMain] o.s.b.d.a.OptionalLiveReloadServer       : LiveReload server is running on port 35729
2024-11-29T12:28:54.141+05:30  INFO 7652 --- [SB_Logging_App] [restartedMain] o.s.b.w.embedded.tomcat.TomcatWebServer  : Tomcat started on port 8080 (http) with context path '/'
2024-11-29T12:28:54.233+05:30  INFO 7652 --- [SB_Logging_App] [restartedMain] i.V.S.SbLoggingAppApplication            : Started SbLoggingAppApplication in 3.603 seconds (process running for 957.568)
2024-11-29T12:28:54.244+05:30  INFO 7652 --- [SB_Logging_App] [restartedMain] .ConditionEvaluationDeltaLoggingListener : Condition evaluation unchanged
2024-11-29T12:30:28.552+05:30  INFO 4420 --- [SB_Logging_App] [restartedMain] i.V.S.SbLoggingAppApplication            : Starting SbLoggingAppApplication using Java 17.0.8 with PID 4420 (F:\AshokIT\Logging_practice_appn\SB_Logging_App\target\classes started by veeresh pattar in F:\AshokIT\Logging_practice_appn\SB_Logging_App)
2024-11-29T12:30:28.564+05:30  INFO 4420 --- [SB_Logging_App] [restartedMain] i.V.S.SbLoggingAppApplication            : No active profile set, falling back to 1 default profile: "default"
2024-11-29T12:30:28.938+05:30  INFO 4420 --- [SB_Logging_App] [restartedMain] .e.DevToolsPropertyDefaultsPostProcessor : Devtools property defaults active! Set 'spring.devtools.add-properties' to 'false' to disable
2024-11-29T12:30:28.939+05:30  INFO 4420 --- [SB_Logging_App] [restartedMain] .e.DevToolsPropertyDefaultsPostProcessor : For additional web related logging consider setting the 'logging.level.web' property to 'DEBUG'
2024-11-29T12:30:34.278+05:30  INFO 4420 --- [SB_Logging_App] [restartedMain] o.s.b.w.embedded.tomcat.TomcatWebServer  : Tomcat initialized with port 8080 (http)
2024-11-29T12:30:34.391+05:30  INFO 4420 --- [SB_Logging_App] [restartedMain] o.apache.catalina.core.StandardService   : Starting service [Tomcat]
2024-11-29T12:30:34.393+05:30  INFO 4420 --- [SB_Logging_App] [restartedMain] o.apache.catalina.core.StandardEngine    : Starting Servlet engine: [Apache Tomcat/10.1.33]
2024-11-29T12:30:34.944+05:30  INFO 4420 --- [SB_Logging_App] [restartedMain] o.a.c.c.C.[Tomcat].[localhost].[/]       : Initializing Spring embedded WebApplicationContext
2024-11-29T12:30:34.948+05:30  INFO 4420 --- [SB_Logging_App] [restartedMain] w.s.c.ServletWebServerApplicationContext : Root WebApplicationContext: initialization completed in 6004 ms
2024-11-29T12:30:36.752+05:30  WARN 4420 --- [SB_Logging_App] [restartedMain] o.s.b.d.a.OptionalLiveReloadServer       : Unable to start LiveReload server
2024-11-29T12:30:36.858+05:30  WARN 4420 --- [SB_Logging_App] [restartedMain] ConfigServletWebServerApplicationContext : Exception encountered during context initialization - cancelling refresh attempt: org.springframework.context.ApplicationContextException: Failed to start bean 'webServerStartStop'
2024-11-29T12:30:36.932+05:30  INFO 4420 --- [SB_Logging_App] [restartedMain] .s.b.a.l.ConditionEvaluationReportLogger : 

Error starting ApplicationContext. To display the condition evaluation report re-run your application with 'debug' enabled.
2024-11-29T12:30:37.161+05:30 ERROR 4420 --- [SB_Logging_App] [restartedMain] o.s.b.d.LoggingFailureAnalysisReporter   : 

***************************
APPLICATION FAILED TO START
***************************

Description:

Web server failed to start. Port 8080 was already in use.

Action:

Identify and stop the process that's listening on port 8080 or configure this application to listen on another port.

2024-11-29T12:31:06.055+05:30  INFO 7652 --- [SB_Logging_App] [RMI TCP Connection(29)-127.0.0.1] inMXBeanRegistrar$SpringApplicationAdmin : Application shutdown requested.
2024-11-29T12:31:06.058+05:30  INFO 7652 --- [SB_Logging_App] [RMI TCP Connection(29)-127.0.0.1] o.s.b.w.e.tomcat.GracefulShutdown        : Commencing graceful shutdown. Waiting for active requests to complete
2024-11-29T12:31:06.479+05:30  INFO 7652 --- [SB_Logging_App] [tomcat-shutdown] o.s.b.w.e.tomcat.GracefulShutdown        : Graceful shutdown complete
2024-11-29T12:31:35.035+05:30  INFO 3224 --- [SB_Logging_App] [restartedMain] i.V.S.SbLoggingAppApplication            : Starting SbLoggingAppApplication using Java 17.0.8 with PID 3224 (F:\AshokIT\Logging_practice_appn\SB_Logging_App\target\classes started by veeresh pattar in F:\AshokIT\Logging_practice_appn\SB_Logging_App)
2024-11-29T12:31:35.051+05:30  INFO 3224 --- [SB_Logging_App] [restartedMain] i.V.S.SbLoggingAppApplication            : No active profile set, falling back to 1 default profile: "default"
2024-11-29T12:31:35.380+05:30  INFO 3224 --- [SB_Logging_App] [restartedMain] .e.DevToolsPropertyDefaultsPostProcessor : Devtools property defaults active! Set 'spring.devtools.add-properties' to 'false' to disable
2024-11-29T12:31:35.383+05:30  INFO 3224 --- [SB_Logging_App] [restartedMain] .e.DevToolsPropertyDefaultsPostProcessor : For additional web related logging consider setting the 'logging.level.web' property to 'DEBUG'
2024-11-29T12:31:39.922+05:30  INFO 3224 --- [SB_Logging_App] [restartedMain] o.s.b.w.embedded.tomcat.TomcatWebServer  : Tomcat initialized with port 8080 (http)
2024-11-29T12:31:40.013+05:30  INFO 3224 --- [SB_Logging_App] [restartedMain] o.apache.catalina.core.StandardService   : Starting service [Tomcat]
2024-11-29T12:31:40.016+05:30  INFO 3224 --- [SB_Logging_App] [restartedMain] o.apache.catalina.core.StandardEngine    : Starting Servlet engine: [Apache Tomcat/10.1.33]
2024-11-29T12:31:40.327+05:30  INFO 3224 --- [SB_Logging_App] [restartedMain] o.a.c.c.C.[Tomcat].[localhost].[/]       : Initializing Spring embedded WebApplicationContext
2024-11-29T12:31:40.329+05:30  INFO 3224 --- [SB_Logging_App] [restartedMain] w.s.c.ServletWebServerApplicationContext : Root WebApplicationContext: initialization completed in 4943 ms
2024-11-29T12:31:42.253+05:30  INFO 3224 --- [SB_Logging_App] [restartedMain] o.s.b.d.a.OptionalLiveReloadServer       : LiveReload server is running on port 35729
2024-11-29T12:31:42.724+05:30  INFO 3224 --- [SB_Logging_App] [restartedMain] o.s.b.w.embedded.tomcat.TomcatWebServer  : Tomcat started on port 8080 (http) with context path '/'
2024-11-29T12:31:42.827+05:30  INFO 3224 --- [SB_Logging_App] [restartedMain] i.V.S.SbLoggingAppApplication            : Started SbLoggingAppApplication in 10.23 seconds (process running for 13.993)
2024-11-29T12:35:01.109+05:30  INFO 3224 --- [SB_Logging_App] [File Watcher] rtingClassPathChangeChangedEventListener : Restarting due to 1 class path change (1 addition, 0 deletions, 0 modifications)
2024-11-29T12:35:01.296+05:30  INFO 3224 --- [SB_Logging_App] [Thread-5] o.s.b.w.e.tomcat.GracefulShutdown        : Commencing graceful shutdown. Waiting for active requests to complete
2024-11-29T12:35:04.211+05:30  INFO 3224 --- [SB_Logging_App] [tomcat-shutdown] o.s.b.w.e.tomcat.GracefulShutdown        : Graceful shutdown complete
2024-11-29T12:35:04.650+05:30  INFO 3224 --- [SB_Logging_App] [restartedMain] i.V.S.SbLoggingAppApplication            : Starting SbLoggingAppApplication using Java 17.0.8 with PID 3224 (F:\AshokIT\Logging_practice_appn\SB_Logging_App\target\classes started by veeresh pattar in F:\AshokIT\Logging_practice_appn\SB_Logging_App)
2024-11-29T12:35:04.652+05:30  INFO 3224 --- [SB_Logging_App] [restartedMain] i.V.S.SbLoggingAppApplication            : No active profile set, falling back to 1 default profile: "default"
2024-11-29T12:35:05.772+05:30  INFO 3224 --- [SB_Logging_App] [restartedMain] o.s.b.w.embedded.tomcat.TomcatWebServer  : Tomcat initialized with port 8080 (http)
2024-11-29T12:35:05.797+05:30  INFO 3224 --- [SB_Logging_App] [restartedMain] o.apache.catalina.core.StandardService   : Starting service [Tomcat]
2024-11-29T12:35:05.798+05:30  INFO 3224 --- [SB_Logging_App] [restartedMain] o.apache.catalina.core.StandardEngine    : Starting Servlet engine: [Apache Tomcat/10.1.33]
2024-11-29T12:35:05.863+05:30  INFO 3224 --- [SB_Logging_App] [restartedMain] o.a.c.c.C.[Tomcat].[localhost].[/]       : Initializing Spring embedded WebApplicationContext
2024-11-29T12:35:05.865+05:30  INFO 3224 --- [SB_Logging_App] [restartedMain] w.s.c.ServletWebServerApplicationContext : Root WebApplicationContext: initialization completed in 1203 ms
2024-11-29T12:35:06.464+05:30  INFO 3224 --- [SB_Logging_App] [restartedMain] o.s.b.d.a.OptionalLiveReloadServer       : LiveReload server is running on port 35729
2024-11-29T12:35:06.713+05:30  INFO 3224 --- [SB_Logging_App] [restartedMain] o.s.b.w.embedded.tomcat.TomcatWebServer  : Tomcat started on port 8080 (http) with context path '/'
2024-11-29T12:35:06.750+05:30  INFO 3224 --- [SB_Logging_App] [restartedMain] i.V.S.SbLoggingAppApplication            : Started SbLoggingAppApplication in 2.355 seconds (process running for 217.916)
2024-11-29T12:35:06.761+05:30  INFO 3224 --- [SB_Logging_App] [restartedMain] .ConditionEvaluationDeltaLoggingListener : Condition evaluation unchanged
2024-11-29T12:40:39.905+05:30  INFO 3224 --- [SB_Logging_App] [File Watcher] rtingClassPathChangeChangedEventListener : Restarting due to 1 class path change (0 additions, 0 deletions, 1 modification)
2024-11-29T12:40:39.939+05:30  INFO 3224 --- [SB_Logging_App] [Thread-7] o.s.b.w.e.tomcat.GracefulShutdown        : Commencing graceful shutdown. Waiting for active requests to complete
2024-11-29T12:40:40.623+05:30  INFO 3224 --- [SB_Logging_App] [tomcat-shutdown] o.s.b.w.e.tomcat.GracefulShutdown        : Graceful shutdown complete
2024-11-29T12:40:41.367+05:30  INFO 3224 --- [SB_Logging_App] [restartedMain] i.V.S.SbLoggingAppApplication            : Starting SbLoggingAppApplication using Java 17.0.8 with PID 3224 (F:\AshokIT\Logging_practice_appn\SB_Logging_App\target\classes started by veeresh pattar in F:\AshokIT\Logging_practice_appn\SB_Logging_App)
2024-11-29T12:40:41.370+05:30  INFO 3224 --- [SB_Logging_App] [restartedMain] i.V.S.SbLoggingAppApplication            : No active profile set, falling back to 1 default profile: "default"
2024-11-29T12:40:42.574+05:30  INFO 3224 --- [SB_Logging_App] [restartedMain] o.s.b.w.embedded.tomcat.TomcatWebServer  : Tomcat initialized with port 8080 (http)
2024-11-29T12:40:42.585+05:30  INFO 3224 --- [SB_Logging_App] [restartedMain] o.apache.catalina.core.StandardService   : Starting service [Tomcat]
2024-11-29T12:40:42.589+05:30  INFO 3224 --- [SB_Logging_App] [restartedMain] o.apache.catalina.core.StandardEngine    : Starting Servlet engine: [Apache Tomcat/10.1.33]
2024-11-29T12:40:42.703+05:30  INFO 3224 --- [SB_Logging_App] [restartedMain] o.a.c.c.C.[Tomcat].[localhost].[/]       : Initializing Spring embedded WebApplicationContext
2024-11-29T12:40:42.705+05:30  INFO 3224 --- [SB_Logging_App] [restartedMain] w.s.c.ServletWebServerApplicationContext : Root WebApplicationContext: initialization completed in 1301 ms
2024-11-29T12:40:43.145+05:30  INFO 3224 --- [SB_Logging_App] [restartedMain] o.s.b.d.a.OptionalLiveReloadServer       : LiveReload server is running on port 35729
2024-11-29T12:40:43.185+05:30  INFO 3224 --- [SB_Logging_App] [restartedMain] o.s.b.w.embedded.tomcat.TomcatWebServer  : Tomcat started on port 8080 (http) with context path '/'
2024-11-29T12:40:43.219+05:30  INFO 3224 --- [SB_Logging_App] [restartedMain] i.V.S.SbLoggingAppApplication            : Started SbLoggingAppApplication in 2.152 seconds (process running for 554.385)
2024-11-29T12:40:43.284+05:30  INFO 3224 --- [SB_Logging_App] [restartedMain] .ConditionEvaluationDeltaLoggingListener : Condition evaluation unchanged
2024-11-29T12:56:00.389+05:30  INFO 3224 --- [SB_Logging_App] [File Watcher] rtingClassPathChangeChangedEventListener : Restarting due to 1 class path change (0 additions, 0 deletions, 1 modification)
2024-11-29T12:56:00.398+05:30  INFO 3224 --- [SB_Logging_App] [Thread-11] o.s.b.w.e.tomcat.GracefulShutdown        : Commencing graceful shutdown. Waiting for active requests to complete
2024-11-29T12:56:01.065+05:30  INFO 3224 --- [SB_Logging_App] [tomcat-shutdown] o.s.b.w.e.tomcat.GracefulShutdown        : Graceful shutdown complete
2024-11-29T12:56:01.411+05:30  INFO 3224 --- [SB_Logging_App] [restartedMain] i.V.S.SbLoggingAppApplication            : Starting SbLoggingAppApplication using Java 17.0.8 with PID 3224 (F:\AshokIT\Logging_practice_appn\SB_Logging_App\target\classes started by veeresh pattar in F:\AshokIT\Logging_practice_appn\SB_Logging_App)
2024-11-29T12:56:01.414+05:30  INFO 3224 --- [SB_Logging_App] [restartedMain] i.V.S.SbLoggingAppApplication            : No active profile set, falling back to 1 default profile: "default"
2024-11-29T12:56:02.400+05:30  INFO 3224 --- [SB_Logging_App] [restartedMain] o.s.b.w.embedded.tomcat.TomcatWebServer  : Tomcat initialized with port 8080 (http)
2024-11-29T12:56:02.405+05:30  INFO 3224 --- [SB_Logging_App] [restartedMain] o.apache.catalina.core.StandardService   : Starting service [Tomcat]
2024-11-29T12:56:02.406+05:30  INFO 3224 --- [SB_Logging_App] [restartedMain] o.apache.catalina.core.StandardEngine    : Starting Servlet engine: [Apache Tomcat/10.1.33]
2024-11-29T12:56:02.631+05:30  INFO 3224 --- [SB_Logging_App] [restartedMain] o.a.c.c.C.[Tomcat].[localhost].[/]       : Initializing Spring embedded WebApplicationContext
2024-11-29T12:56:02.634+05:30  INFO 3224 --- [SB_Logging_App] [restartedMain] w.s.c.ServletWebServerApplicationContext : Root WebApplicationContext: initialization completed in 1195 ms
2024-11-29T12:56:03.108+05:30  INFO 3224 --- [SB_Logging_App] [restartedMain] o.s.b.d.a.OptionalLiveReloadServer       : LiveReload server is running on port 35729
2024-11-29T12:56:03.152+05:30  INFO 3224 --- [SB_Logging_App] [restartedMain] o.s.b.w.embedded.tomcat.TomcatWebServer  : Tomcat started on port 8080 (http) with context path '/'
2024-11-29T12:56:03.188+05:30  INFO 3224 --- [SB_Logging_App] [restartedMain] i.V.S.SbLoggingAppApplication            : Started SbLoggingAppApplication in 1.919 seconds (process running for 1474.353)
2024-11-29T12:56:03.204+05:30  INFO 3224 --- [SB_Logging_App] [restartedMain] .ConditionEvaluationDeltaLoggingListener : Condition evaluation unchanged
2024-11-29T12:56:03.217+05:30  INFO 3224 --- [SB_Logging_App] [restartedMain] i.VP.SB_Logging_App.service.UserService  : This is info message : method start
2024-11-29T12:56:03.220+05:30  INFO 3224 --- [SB_Logging_App] [restartedMain] i.VP.SB_Logging_App.service.UserService  : This is info message : method end
2024-11-29T12:56:25.141+05:30  INFO 3224 --- [SB_Logging_App] [File Watcher] rtingClassPathChangeChangedEventListener : Restarting due to 1 class path change (0 additions, 0 deletions, 1 modification)
2024-11-29T12:56:25.473+05:30  INFO 3224 --- [SB_Logging_App] [Thread-15] o.s.b.w.e.tomcat.GracefulShutdown        : Commencing graceful shutdown. Waiting for active requests to complete
2024-11-29T12:56:26.759+05:30  INFO 3224 --- [SB_Logging_App] [tomcat-shutdown] o.s.b.w.e.tomcat.GracefulShutdown        : Graceful shutdown complete
2024-11-29T12:56:27.056+05:30  INFO 3224 --- [SB_Logging_App] [restartedMain] i.V.S.SbLoggingAppApplication            : Starting SbLoggingAppApplication using Java 17.0.8 with PID 3224 (F:\AshokIT\Logging_practice_appn\SB_Logging_App\target\classes started by veeresh pattar in F:\AshokIT\Logging_practice_appn\SB_Logging_App)
2024-11-29T12:56:27.058+05:30  INFO 3224 --- [SB_Logging_App] [restartedMain] i.V.S.SbLoggingAppApplication            : No active profile set, falling back to 1 default profile: "default"
2024-11-29T12:56:27.875+05:30  INFO 3224 --- [SB_Logging_App] [restartedMain] o.s.b.w.embedded.tomcat.TomcatWebServer  : Tomcat initialized with port 8080 (http)
2024-11-29T12:56:27.878+05:30  INFO 3224 --- [SB_Logging_App] [restartedMain] o.apache.catalina.core.StandardService   : Starting service [Tomcat]
2024-11-29T12:56:27.880+05:30  INFO 3224 --- [SB_Logging_App] [restartedMain] o.apache.catalina.core.StandardEngine    : Starting Servlet engine: [Apache Tomcat/10.1.33]
2024-11-29T12:56:27.933+05:30  INFO 3224 --- [SB_Logging_App] [restartedMain] o.a.c.c.C.[Tomcat].[localhost].[/]       : Initializing Spring embedded WebApplicationContext
2024-11-29T12:56:27.934+05:30  INFO 3224 --- [SB_Logging_App] [restartedMain] w.s.c.ServletWebServerApplicationContext : Root WebApplicationContext: initialization completed in 866 ms
2024-11-29T12:56:28.382+05:30  INFO 3224 --- [SB_Logging_App] [restartedMain] o.s.b.d.a.OptionalLiveReloadServer       : LiveReload server is running on port 35729
2024-11-29T12:56:28.423+05:30  INFO 3224 --- [SB_Logging_App] [restartedMain] o.s.b.w.embedded.tomcat.TomcatWebServer  : Tomcat started on port 8080 (http) with context path '/'
2024-11-29T12:56:28.478+05:30  INFO 3224 --- [SB_Logging_App] [restartedMain] i.V.S.SbLoggingAppApplication            : Started SbLoggingAppApplication in 1.556 seconds (process running for 1499.644)
2024-11-29T12:56:28.487+05:30  INFO 3224 --- [SB_Logging_App] [restartedMain] .ConditionEvaluationDeltaLoggingListener : Condition evaluation unchanged
2024-11-29T12:56:28.493+05:30  INFO 3224 --- [SB_Logging_App] [restartedMain] i.VP.SB_Logging_App.service.UserService  : This is info message : method start
2024-11-29T12:56:28.494+05:30  INFO 3224 --- [SB_Logging_App] [restartedMain] i.VP.SB_Logging_App.service.UserService  : This is info message : method end
2024-11-29T12:57:18.787+05:30  INFO 3224 --- [SB_Logging_App] [RMI TCP Connection(44)-127.0.0.1] inMXBeanRegistrar$SpringApplicationAdmin : Application shutdown requested.
2024-11-29T12:57:18.789+05:30  INFO 3224 --- [SB_Logging_App] [RMI TCP Connection(44)-127.0.0.1] o.s.b.w.e.tomcat.GracefulShutdown        : Commencing graceful shutdown. Waiting for active requests to complete
2024-11-29T12:57:19.423+05:30  INFO 3224 --- [SB_Logging_App] [tomcat-shutdown] o.s.b.w.e.tomcat.GracefulShutdown        : Graceful shutdown complete
2024-11-29T12:57:35.179+05:30  INFO 4124 --- [SB_Logging_App] [restartedMain] i.V.S.SbLoggingAppApplication            : Starting SbLoggingAppApplication using Java 17.0.8 with PID 4124 (F:\AshokIT\Logging_practice_appn\SB_Logging_App\target\classes started by veeresh pattar in F:\AshokIT\Logging_practice_appn\SB_Logging_App)
2024-11-29T12:57:35.195+05:30  INFO 4124 --- [SB_Logging_App] [restartedMain] i.V.S.SbLoggingAppApplication            : No active profile set, falling back to 1 default profile: "default"
2024-11-29T12:57:35.572+05:30  INFO 4124 --- [SB_Logging_App] [restartedMain] .e.DevToolsPropertyDefaultsPostProcessor : Devtools property defaults active! Set 'spring.devtools.add-properties' to 'false' to disable
2024-11-29T12:57:35.575+05:30  INFO 4124 --- [SB_Logging_App] [restartedMain] .e.DevToolsPropertyDefaultsPostProcessor : For additional web related logging consider setting the 'logging.level.web' property to 'DEBUG'
2024-11-29T12:57:39.957+05:30  INFO 4124 --- [SB_Logging_App] [restartedMain] o.s.b.w.embedded.tomcat.TomcatWebServer  : Tomcat initialized with port 8080 (http)
2024-11-29T12:57:40.044+05:30  INFO 4124 --- [SB_Logging_App] [restartedMain] o.apache.catalina.core.StandardService   : Starting service [Tomcat]
2024-11-29T12:57:40.047+05:30  INFO 4124 --- [SB_Logging_App] [restartedMain] o.apache.catalina.core.StandardEngine    : Starting Servlet engine: [Apache Tomcat/10.1.33]
2024-11-29T12:57:40.317+05:30  INFO 4124 --- [SB_Logging_App] [restartedMain] o.a.c.c.C.[Tomcat].[localhost].[/]       : Initializing Spring embedded WebApplicationContext
2024-11-29T12:57:40.322+05:30  INFO 4124 --- [SB_Logging_App] [restartedMain] w.s.c.ServletWebServerApplicationContext : Root WebApplicationContext: initialization completed in 4745 ms
2024-11-29T12:57:42.070+05:30  INFO 4124 --- [SB_Logging_App] [restartedMain] o.s.b.d.a.OptionalLiveReloadServer       : LiveReload server is running on port 35729
2024-11-29T12:57:42.241+05:30  INFO 4124 --- [SB_Logging_App] [restartedMain] o.s.b.w.embedded.tomcat.TomcatWebServer  : Tomcat started on port 8080 (http) with context path '/'
2024-11-29T12:57:42.315+05:30  INFO 4124 --- [SB_Logging_App] [restartedMain] i.V.S.SbLoggingAppApplication            : Started SbLoggingAppApplication in 9.533 seconds (process running for 12.965)
2024-11-29T12:57:42.335+05:30  INFO 4124 --- [SB_Logging_App] [restartedMain] i.VP.SB_Logging_App.service.UserService  : This is info message : method start
2024-11-29T12:57:42.336+05:30  INFO 4124 --- [SB_Logging_App] [restartedMain] i.VP.SB_Logging_App.service.UserService  : This is info message : method end
2024-11-29T13:10:15.286+05:30  INFO 4124 --- [SB_Logging_App] [File Watcher] rtingClassPathChangeChangedEventListener : Restarting due to 1 class path change (0 additions, 0 deletions, 1 modification)
2024-11-29T13:10:15.798+05:30  INFO 4124 --- [SB_Logging_App] [Thread-5] o.s.b.w.e.tomcat.GracefulShutdown        : Commencing graceful shutdown. Waiting for active requests to complete
2024-11-29T13:10:17.167+05:30  INFO 4124 --- [SB_Logging_App] [tomcat-shutdown] o.s.b.w.e.tomcat.GracefulShutdown        : Graceful shutdown complete
2024-11-29T13:10:17.852+05:30  INFO 4124 --- [SB_Logging_App] [restartedMain] i.V.S.SbLoggingAppApplication            : Starting SbLoggingAppApplication using Java 17.0.8 with PID 4124 (F:\AshokIT\Logging_practice_appn\SB_Logging_App\target\classes started by veeresh pattar in F:\AshokIT\Logging_practice_appn\SB_Logging_App)
2024-11-29T13:10:17.854+05:30  INFO 4124 --- [SB_Logging_App] [restartedMain] i.V.S.SbLoggingAppApplication            : No active profile set, falling back to 1 default profile: "default"
2024-11-29T13:10:19.087+05:30  INFO 4124 --- [SB_Logging_App] [restartedMain] o.s.b.w.embedded.tomcat.TomcatWebServer  : Tomcat initialized with port 8080 (http)
2024-11-29T13:10:19.094+05:30  INFO 4124 --- [SB_Logging_App] [restartedMain] o.apache.catalina.core.StandardService   : Starting service [Tomcat]
2024-11-29T13:10:19.096+05:30  INFO 4124 --- [SB_Logging_App] [restartedMain] o.apache.catalina.core.StandardEngine    : Starting Servlet engine: [Apache Tomcat/10.1.33]
2024-11-29T13:10:19.291+05:30  INFO 4124 --- [SB_Logging_App] [restartedMain] o.a.c.c.C.[Tomcat].[localhost].[/]       : Initializing Spring embedded WebApplicationContext
2024-11-29T13:10:19.293+05:30  INFO 4124 --- [SB_Logging_App] [restartedMain] w.s.c.ServletWebServerApplicationContext : Root WebApplicationContext: initialization completed in 1427 ms
2024-11-29T13:10:20.342+05:30  INFO 4124 --- [SB_Logging_App] [restartedMain] o.s.b.d.a.OptionalLiveReloadServer       : LiveReload server is running on port 35729
2024-11-29T13:10:20.512+05:30  INFO 4124 --- [SB_Logging_App] [restartedMain] o.s.b.w.embedded.tomcat.TomcatWebServer  : Tomcat started on port 8080 (http) with context path '/'
2024-11-29T13:10:20.581+05:30  INFO 4124 --- [SB_Logging_App] [restartedMain] i.V.S.SbLoggingAppApplication            : Started SbLoggingAppApplication in 2.891 seconds (process running for 771.231)
2024-11-29T13:10:20.594+05:30  INFO 4124 --- [SB_Logging_App] [restartedMain] .ConditionEvaluationDeltaLoggingListener : Condition evaluation unchanged
2024-11-29T13:10:20.745+05:30  INFO 4124 --- [SB_Logging_App] [restartedMain] i.VP.SB_Logging_App.service.UserService  : This is info message : method start
2024-11-29T13:10:20.746+05:30  WARN 4124 --- [SB_Logging_App] [restartedMain] i.VP.SB_Logging_App.service.UserService  : This is warn message
2024-11-29T13:10:20.747+05:30 ERROR 4124 --- [SB_Logging_App] [restartedMain] i.VP.SB_Logging_App.service.UserService  : This is error message
