2024-11-29 19:55:01,761 [restartedMain] INFO  i.V.S.SbLoggingAppApplication                      - Starting SbLoggingAppApplication using Java 17.0.8 with PID 3184 (F:\AshokIT\Logging_practice_appn\SB_Logging_App\target\classes started by veeresh pattar in F:\AshokIT\Logging_practice_appn\SB_Logging_App)
2024-11-29 19:55:01,770 [restartedMain] INFO  i.V.S.SbLoggingAppApplication                      - No active profile set, falling back to 1 default profile: "default"
2024-11-29 19:55:02,310 [restartedMain] INFO  o.s.b.d.e.DevToolsPropertyDefaultsPostProcessor    - Devtools property defaults active! Set 'spring.devtools.add-properties' to 'false' to disable
2024-11-29 19:55:02,311 [restartedMain] INFO  o.s.b.d.e.DevToolsPropertyDefaultsPostProcessor    - For additional web related logging consider setting the 'logging.level.web' property to 'DEBUG'
2024-11-29 19:55:09,830 [restartedMain] INFO  o.s.b.w.embedded.tomcat.TomcatWebServer            - Tomcat initialized with port 8080 (http)
2024-11-29 19:55:09,932 [restartedMain] INFO  o.apache.coyote.http11.Http11NioProtocol           - Initializing ProtocolHandler ["http-nio-8080"]
2024-11-29 19:55:09,940 [restartedMain] INFO  o.apache.catalina.core.StandardService             - Starting service [Tomcat]
2024-11-29 19:55:09,941 [restartedMain] INFO  org.apache.catalina.core.StandardEngine            - Starting Servlet engine: [Apache Tomcat/10.1.33]
2024-11-29 19:55:10,207 [restartedMain] INFO  o.a.c.c.C.[Tomcat].[localhost].[/]                 - Initializing Spring embedded WebApplicationContext
2024-11-29 19:55:10,212 [restartedMain] INFO  o.s.b.w.s.c.ServletWebServerApplicationContext     - Root WebApplicationContext: initialization completed in 7899 ms
2024-11-29 19:55:12,595 [restartedMain] INFO  o.s.b.d.a.OptionalLiveReloadServer                 - LiveReload server is running on port 35729
2024-11-29 19:55:12,665 [restartedMain] INFO  o.apache.coyote.http11.Http11NioProtocol           - Starting ProtocolHandler ["http-nio-8080"]
2024-11-29 19:55:12,871 [restartedMain] INFO  o.s.b.w.embedded.tomcat.TomcatWebServer            - Tomcat started on port 8080 (http) with context path '/'
2024-11-29 19:55:12,916 [restartedMain] INFO  i.V.S.SbLoggingAppApplication                      - Started SbLoggingAppApplication in 15.236 seconds (process running for 23.9)
2024-11-29 19:55:12,940 [restartedMain] INFO  i.VP.SB_Logging_App.service.UserService            - This is info message : method start
2024-11-29 19:55:12,941 [restartedMain] WARN  i.VP.SB_Logging_App.service.UserService            - This is warn message
2024-11-29 19:55:12,941 [restartedMain] ERROR i.VP.SB_Logging_App.service.UserService            - This is error message
2024-11-29 19:55:12,942 [restartedMain] INFO  i.VP.SB_Logging_App.service.UserService            - Method started
2024-11-29 19:55:12,942 [restartedMain] ERROR i.VP.SB_Logging_App.service.UserService            - / by zero
2024-11-29 19:55:12,943 [restartedMain] INFO  i.VP.SB_Logging_App.service.UserService            - Method ended
2024-11-29 21:50:58,607 [RMI TCP Connection(134)-127.0.0.1] INFO  o.s.b.a.SpringApplicationAdminMXBeanRegistrar$SpringApplicationAdmin - Application shutdown requested.
2024-11-29 21:50:58,679 [RMI TCP Connection(134)-127.0.0.1] INFO  o.s.b.w.embedded.tomcat.GracefulShutdown           - Commencing graceful shutdown. Waiting for active requests to complete
2024-11-29 21:50:58,688 [tomcat-shutdown] INFO  o.apache.coyote.http11.Http11NioProtocol           - Pausing ProtocolHandler ["http-nio-8080"]
2024-11-29 21:50:59,261 [tomcat-shutdown] INFO  o.s.b.w.embedded.tomcat.GracefulShutdown           - Graceful shutdown complete
2024-11-29 21:50:59,264 [RMI TCP Connection(134)-127.0.0.1] INFO  o.apache.coyote.http11.Http11NioProtocol           - Stopping ProtocolHandler ["http-nio-8080"]
